  [1m[35m (0.9ms)[0m  [1m[34mSELECT sqlite_version(*)[0m
  [1m[35m (168.8ms)[0m  [1m[35mCREATE TABLE "schema_migrations" ("version" varchar NOT NULL PRIMARY KEY)[0m
  [1m[35m (140.0ms)[0m  [1m[35mCREATE TABLE "ar_internal_metadata" ("key" varchar NOT NULL PRIMARY KEY, "value" varchar, "created_at" datetime(6) NOT NULL, "updated_at" datetime(6) NOT NULL)[0m
  [1m[35m (0.3ms)[0m  [1m[34mSELECT "schema_migrations"."version" FROM "schema_migrations" ORDER BY "schema_migrations"."version" ASC[0m
Migrating to CreateCars (20200910165034)
  [1m[35m (0.1ms)[0m  [1m[36mbegin transaction[0m
  [1m[35m (0.9ms)[0m  [1m[35mCREATE TABLE "cars" ("id" integer PRIMARY KEY AUTOINCREMENT NOT NULL, "make" varchar, "model" varchar, "year" integer, "created_at" datetime(6) NOT NULL, "updated_at" datetime(6) NOT NULL)[0m
  [1m[36mprimary::SchemaMigration Create (0.2ms)[0m  [1m[32mINSERT INTO "schema_migrations" ("version") VALUES (?)[0m  [["version", "20200910165034"]]
  [1m[35m (135.8ms)[0m  [1m[36mcommit transaction[0m
  [1m[36mActiveRecord::InternalMetadata Load (0.4ms)[0m  [1m[34mSELECT "ar_internal_metadata".* FROM "ar_internal_metadata" WHERE "ar_internal_metadata"."key" = ? LIMIT ?[0m  [["key", "environment"], ["LIMIT", 1]]
  [1m[35m (0.1ms)[0m  [1m[36mbegin transaction[0m
  [1m[36mActiveRecord::InternalMetadata Create (1.0ms)[0m  [1m[32mINSERT INTO "ar_internal_metadata" ("key", "value", "created_at", "updated_at") VALUES (?, ?, ?, ?)[0m  [["key", "environment"], ["value", "development"], ["created_at", "2020-09-10 16:50:53.629724"], ["updated_at", "2020-09-10 16:50:53.629724"]]
  [1m[35m (123.7ms)[0m  [1m[36mcommit transaction[0m
  [1m[35m (0.3ms)[0m  [1m[34mSELECT sqlite_version(*)[0m
  [1m[35m (0.5ms)[0m  [1m[34mSELECT "schema_migrations"."version" FROM "schema_migrations" ORDER BY "schema_migrations"."version" ASC[0m
Started GET "/" for 127.0.0.1 at 2020-09-10 22:21:25 +0530
  [1m[35m (1.0ms)[0m  [1m[34mSELECT sqlite_version(*)[0m
  [1m[35m (0.2ms)[0m  [1m[34mSELECT "schema_migrations"."version" FROM "schema_migrations" ORDER BY "schema_migrations"."version" ASC[0m
Processing by Rails::WelcomeController#index as HTML
  Rendering /home/karthick/.rvm/gems/ruby-2.5.3/gems/railties-6.0.3.3/lib/rails/templates/rails/welcome/index.html.erb
  Rendered /home/karthick/.rvm/gems/ruby-2.5.3/gems/railties-6.0.3.3/lib/rails/templates/rails/welcome/index.html.erb (Duration: 11.1ms | Allocations: 466)
Completed 200 OK in 25ms (Views: 15.3ms | ActiveRecord: 0.0ms | Allocations: 2641)


Started GET "/" for 127.0.0.1 at 2020-09-10 22:22:41 +0530
Processing by Rails::WelcomeController#index as HTML
  Rendering /home/karthick/.rvm/gems/ruby-2.5.3/gems/railties-6.0.3.3/lib/rails/templates/rails/welcome/index.html.erb
  Rendered /home/karthick/.rvm/gems/ruby-2.5.3/gems/railties-6.0.3.3/lib/rails/templates/rails/welcome/index.html.erb (Duration: 11.2ms | Allocations: 813)
Completed 200 OK in 14ms (Views: 13.1ms | ActiveRecord: 0.0ms | Allocations: 1573)


Started GET "/cars" for 127.0.0.1 at 2020-09-10 22:24:10 +0530
  [1m[35m (1.1ms)[0m  [1m[34mSELECT sqlite_version(*)[0m
  [1m[35m (0.2ms)[0m  [1m[34mSELECT "schema_migrations"."version" FROM "schema_migrations" ORDER BY "schema_migrations"."version" ASC[0m
Processing by CarsController#index as HTML
  Rendering cars/index.html.erb within layouts/application
  [1m[36mCar Load (0.7ms)[0m  [1m[34mSELECT "cars".* FROM "cars"[0m
  ↳ app/views/cars/index.html.erb:16
  Rendered cars/index.html.erb within layouts/application (Duration: 24.9ms | Allocations: 1668)
[Webpacker] Compiling...
[Webpacker] Compiled all packs in /home/karthick/microverse/projects/ROR/my-first-rails-app/my-first-app/public/packs
[Webpacker] Hash: 15d1bb7b54cf6326b9ba
Version: webpack 4.44.1
Time: 3177ms
Built at: 10/09/2020 10:24:18 pm
                                     Asset       Size       Chunks                         Chunk Names
    js/application-9afcbb5693aa87623e69.js    124 KiB  application  [emitted] [immutable]  application
js/application-9afcbb5693aa87623e69.js.map    139 KiB  application  [emitted] [dev]        application
                             manifest.json  364 bytes               [emitted]              
Entrypoint application = js/application-9afcbb5693aa87623e69.js js/application-9afcbb5693aa87623e69.js.map
[./app/javascript/channels sync recursive _channel\.js$] ./app/javascript/channels sync _channel\.js$ 160 bytes {application} [built]
[./app/javascript/channels/index.js] 211 bytes {application} [built]
[./app/javascript/packs/application.js] 749 bytes {application} [built]
[./node_modules/webpack/buildin/module.js] (webpack)/buildin/module.js 552 bytes {application} [built]
    + 3 hidden modules

Completed 200 OK in 7776ms (Views: 7761.0ms | ActiveRecord: 2.1ms | Allocations: 26759)


Started GET "/cars/new" for 127.0.0.1 at 2020-09-10 22:24:21 +0530
Processing by CarsController#new as HTML
  Rendering cars/new.html.erb within layouts/application
  Rendered cars/_form.html.erb (Duration: 110.8ms | Allocations: 5582)
  Rendered cars/new.html.erb within layouts/application (Duration: 114.8ms | Allocations: 5956)
[Webpacker] Everything's up-to-date. Nothing to do
Completed 200 OK in 164ms (Views: 135.8ms | ActiveRecord: 1.2ms | Allocations: 14279)


Started GET "/" for ::1 at 2020-09-10 22:41:26 +0530
  [1m[35m (7.8ms)[0m  [1m[34mSELECT sqlite_version(*)[0m
  [1m[35m (0.2ms)[0m  [1m[34mSELECT "schema_migrations"."version" FROM "schema_migrations" ORDER BY "schema_migrations"."version" ASC[0m
Processing by Rails::WelcomeController#index as HTML
  Rendering /home/karthick/.rvm/gems/ruby-2.5.3/gems/railties-6.0.3.3/lib/rails/templates/rails/welcome/index.html.erb
  Rendered /home/karthick/.rvm/gems/ruby-2.5.3/gems/railties-6.0.3.3/lib/rails/templates/rails/welcome/index.html.erb (Duration: 10.9ms | Allocations: 466)
Completed 200 OK in 25ms (Views: 15.5ms | ActiveRecord: 0.0ms | Allocations: 2630)


Started GET "/cars" for ::1 at 2020-09-10 22:41:36 +0530
Processing by CarsController#index as HTML
  Rendering cars/index.html.erb within layouts/application
  [1m[36mCar Load (0.2ms)[0m  [1m[34mSELECT "cars".* FROM "cars"[0m
  ↳ app/views/cars/index.html.erb:16
  Rendered cars/index.html.erb within layouts/application (Duration: 7.8ms | Allocations: 1410)
[Webpacker] Everything's up-to-date. Nothing to do
Completed 200 OK in 127ms (Views: 120.1ms | ActiveRecord: 2.4ms | Allocations: 8940)


Started GET "/cars/new" for ::1 at 2020-09-10 22:41:39 +0530
Processing by CarsController#new as HTML
  Rendering cars/new.html.erb within layouts/application
  Rendered cars/_form.html.erb (Duration: 98.1ms | Allocations: 3597)
  Rendered cars/new.html.erb within layouts/application (Duration: 99.9ms | Allocations: 3968)
[Webpacker] Everything's up-to-date. Nothing to do
Completed 200 OK in 153ms (Views: 130.5ms | ActiveRecord: 0.5ms | Allocations: 12244)


